#
# A fatal error has been detected by the Java Runtime Environment:
#
#  SIGSEGV (0xb) at pc=0x00007f77e8603f91, pid=26301, tid=26317
#
# JRE version: OpenJDK Runtime Environment AdoptOpenJDK-dcevm-11.0.11+1-202105021744 (11.0.11+1) (build 11.0.11+1-202105021744)
# Java VM: Dynamic Code Evolution 64-Bit Server VM AdoptOpenJDK-dcevm-11.0.11+1-202105021744 (11.0.11+1-202105021744, mixed mode, tiered, compressed oops, g1 gc, linux-amd64)
# Problematic frame:
# C  [libjimage.so+0x3f91]  ImageStrings::find(Endian*, char const*, int*, unsigned int)+0x71
#
# Core dump will be written. Default location: Core dumps may be processed with "/usr/share/apport/apport -p%p -s%s -c%c -d%d -P%P -u%u -g%g -- %E" (or dumping to /home/heiner/git/jocalendartester/core.26301)
#
# If you would like to submit a bug report, please visit:
#   https://github.com/AdoptOpenJDK/openjdk-support/issues
#

---------------  S U M M A R Y ------------

Command Line: -agentlib:jdwp=transport=dt_socket,suspend=y,address=localhost:34131 -javaagent:/home/heiner/eclipse/jee-2022-09/eclipse/configuration/org.eclipse.osgi/1040/0/.cp/lib/javaagent-shaded.jar -Dfile.encoding=UTF-8 de.jostnet.jocalendartester.Application

Host: Intel(R) Core(TM) i5-6300U CPU @ 2.40GHz, 4 cores, 7G, Ubuntu 22.10
Time: Tue Mar  7 10:05:42 2023 CET elapsed time: 256.224069 seconds (0d 0h 4m 16s)

---------------  T H R E A D  ---------------

Current thread (0x00007f77e41d9000):  JavaThread "Signal Dispatcher" daemon [_thread_in_vm, id=26317, stack(0x00007f77c8406000,0x00007f77c8506000)]

Stack: [0x00007f77c8406000,0x00007f77c8506000],  sp=0x00007f77c8503120,  free space=1012k
Native frames: (J=compiled Java code, A=aot compiled Java code, j=interpreted, Vv=VM code, C=native code)
C  [libjimage.so+0x3f91]  ImageStrings::find(Endian*, char const*, int*, unsigned int)+0x71
C  [libjimage.so+0x4c7a]  ImageFileReader::find_location_index(char const*, unsigned long long*) const+0x3a
C  [libjimage.so+0x517a]  JIMAGE_FindResource+0xfa
V  [libjvm.so+0x5e280e]